Command line:
   principal_tb_isim_beh.exe
     -simmode  gui
     -simrunnum  0
     -socket  53886

Wed May 20 09:29:07 2015


 Elaboration Time: 0.140625 sec

 Current Memory Usage: 357.233 Meg

 Total Signals          : 48
 Total Nets             : 29
 Total Signal Drivers   : 23
 Total Blocks           : 11
 Total Primitive Blocks : 8
 Total Processes        : 18
 Total Traceable Variables  : 11
 Total Scalar Nets and Variables : 408
Total Line Count : 80

 Total Simulation Time: 1110.7 sec

 Current Memory Usage: 357.233 Meg

Wed May 20 10:11:33 2015

