Command line:
   latch_d_tb_isim_beh.exe
     -simmode  gui
     -simrunnum  0
     -socket  49410

Thu May 21 23:27:25 2015


 Elaboration Time: 0.0625 sec

 Current Memory Usage: 361.419 Meg

 Total Signals          : 14
 Total Nets             : 8
 Total Signal Drivers   : 7
 Total Blocks           : 5
 Total Primitive Blocks : 4
 Total Processes        : 6
 Total Traceable Variables  : 11
 Total Scalar Nets and Variables : 387
Total Line Count : 36

 Total Simulation Time: 0.078125 sec

 Current Memory Usage: 676.008 Meg

Thu May 21 23:28:20 2015

