Command line:
   posicionador_tb_isim_beh.exe
     -simmode  gui
     -simrunnum  0
     -socket  54234

Tue Dec 09 14:58:26 2014


 Elaboration Time: 0.078125 sec

 Current Memory Usage: 523.17 Meg

 Total Signals          : 20
 Total Nets             : 13
 Total Signal Drivers   : 10
 Total Blocks           : 3
 Total Primitive Blocks : 2
 Total Processes        : 5
 Total Traceable Variables  : 9
 Total Scalar Nets and Variables : 374
Total Line Count : 40

 Total Simulation Time: 0.28125 sec

 Current Memory Usage: 365.875 Meg

Tue Dec 09 16:26:47 2014

