Release 14.7 Map P.20131013 (nt)
Xilinx Mapping Report File for Design 'Ultimate'

Design Information
------------------
Command Line   : map -intstyle ise -p xc3s100e-cp132-4 -cm area -ir off -pr off
-c 100 -o Ultimate_map.ncd Ultimate.ngd Ultimate.pcf 
Target Device  : xc3s100e
Target Package : cp132
Target Speed   : -4
Mapper Version : spartan3e -- $Revision: 1.55 $
Mapped Date    : Tue Jun 02 20:47:08 2015

Design Summary
--------------
Number of errors   :  11
Number of warnings :   0

Section 1 - Errors
------------------
ERROR:MapLib:30 - LOC constraint F17 on AN<0> is invalid: No such site on the
   device. To bypass this error set the environment variable 'XIL_MAP_LOCWARN'.
ERROR:MapLib:30 - LOC constraint H17 on AN<1> is invalid: No such site on the
   device. To bypass this error set the environment variable 'XIL_MAP_LOCWARN'.
ERROR:MapLib:30 - LOC constraint C18 on AN<2> is invalid: No such site on the
   device. To bypass this error set the environment variable 'XIL_MAP_LOCWARN'.
ERROR:MapLib:30 - LOC constraint F15 on AN<3> is invalid: No such site on the
   device. To bypass this error set the environment variable 'XIL_MAP_LOCWARN'.
ERROR:MapLib:30 - LOC constraint C17 on siete_seg<0> is invalid: No such site on
   the device. To bypass this error set the environment variable
   'XIL_MAP_LOCWARN'.
ERROR:MapLib:30 - LOC constraint H14 on siete_seg<1> is invalid: No such site on
   the device. To bypass this error set the environment variable
   'XIL_MAP_LOCWARN'.
ERROR:MapLib:30 - LOC constraint J17 on siete_seg<2> is invalid: No such site on
   the device. To bypass this error set the environment variable
   'XIL_MAP_LOCWARN'.
ERROR:MapLib:30 - LOC constraint D16 on siete_seg<4> is invalid: No such site on
   the device. To bypass this error set the environment variable
   'XIL_MAP_LOCWARN'.
ERROR:MapLib:30 - LOC constraint D17 on siete_seg<5> is invalid: No such site on
   the device. To bypass this error set the environment variable
   'XIL_MAP_LOCWARN'.
ERROR:MapLib:30 - LOC constraint F18 on siete_seg<6> is invalid: No such site on
   the device. To bypass this error set the environment variable
   'XIL_MAP_LOCWARN'.
ERROR:MapLib:30 - LOC constraint L18 on siete_seg<7> is invalid: No such site on
   the device. To bypass this error set the environment variable
   'XIL_MAP_LOCWARN'.

Section 2 - Warnings
--------------------

Section 3 - Informational
-------------------------
INFO:MapLib:562 - No environment variables are currently set.

Section 4 - Removed Logic Summary
---------------------------------

Section 5 - Removed Logic
-------------------------
