Release 14.7 - xst P.20131013 (nt64)
Copyright (c) 1995-2013 Xilinx, Inc.  All rights reserved.
--> Parameter TMPDIR set to xst/projnav.tmp


Total REAL time to Xst completion: 0.00 secs
Total CPU time to Xst completion: 0.27 secs
 
--> Parameter xsthdpdir set to xst


Total REAL time to Xst completion: 0.00 secs
Total CPU time to Xst completion: 0.27 secs
 
--> Reading design: cont_09.prj

TABLE OF CONTENTS
  1) Synthesis Options Summary
  2) HDL Compilation
  3) Design Hierarchy Analysis
  4) HDL Analysis
  5) HDL Synthesis
     5.1) HDL Synthesis Report
  6) Advanced HDL Synthesis
     6.1) Advanced HDL Synthesis Report
  7) Low Level Synthesis
  8) Partition Report
  9) Final Report
	9.1) Device utilization summary
	9.2) Partition Resource Summary
	9.3) TIMING REPORT


=========================================================================
*                      Synthesis Options Summary                        *
=========================================================================
---- Source Parameters
Input File Name                    : "cont_09.prj"
Input Format                       : mixed
Ignore Synthesis Constraint File   : NO

---- Target Parameters
Output File Name                   : "cont_09"
Output Format                      : NGC
Target Device                      : xc3s500e-4-fg320

---- Source Options
Top Module Name                    : cont_09
Automatic FSM Extraction           : YES
FSM Encoding Algorithm             : Auto
Safe Implementation                : No
FSM Style                          : LUT
RAM Extraction                     : Yes
RAM Style                          : Auto
ROM Extraction                     : Yes
Mux Style                          : Auto
Decoder Extraction                 : YES
Priority Encoder Extraction        : Yes
Shift Register Extraction          : YES
Logical Shifter Extraction         : YES
XOR Collapsing                     : YES
ROM Style                          : Auto
Mux Extraction                     : Yes
Resource Sharing                   : YES
Asynchronous To Synchronous        : NO
Multiplier Style                   : Auto
Automatic Register Balancing       : No

---- Target Options
Add IO Buffers                     : YES
Global Maximum Fanout              : 100000
Add Generic Clock Buffer(BUFG)     : 24
Register Duplication               : YES
Slice Packing                      : YES
Optimize Instantiated Primitives   : NO
Use Clock Enable                   : Yes
Use Synchronous Set                : Yes
Use Synchronous Reset              : Yes
Pack IO Registers into IOBs        : Auto
Equivalent register Removal        : YES

---- General Options
Optimization Goal                  : Speed
Optimization Effort                : 1
Keep Hierarchy                     : No
Netlist Hierarchy                  : As_Optimized
RTL Output                         : Yes
Global Optimization                : AllClockNets
Read Cores                         : YES
Write Timing Constraints           : NO
Cross Clock Analysis               : NO
Hierarchy Separator                : /
Bus Delimiter                      : <>
Case Specifier                     : Maintain
Slice Utilization Ratio            : 100
BRAM Utilization Ratio             : 100
Verilog 2001                       : YES
Auto BRAM Packing                  : NO
Slice Utilization Ratio Delta      : 5

=========================================================================


=========================================================================
*                          HDL Compilation                              *
=========================================================================
Compiling vhdl file "C:/Xilinx/14.7/Contador/latch_d.vhd" in Library work.
Architecture arq_latch_d of Entity latch_d is up to date.
Compiling vhdl file "C:/Xilinx/14.7/Contador/cont_09.vhd" in Library work.
Entity <cont_09> compiled.
Entity <cont_09> (Architecture <arq_cont_09>) compiled.

=========================================================================
*                     Design Hierarchy Analysis                         *
=========================================================================
Analyzing hierarchy for entity <cont_09> in library <work> (architecture <arq_cont_09>).

Analyzing hierarchy for entity <latch_d> in library <work> (architecture <arq_latch_d>).


=========================================================================
*                            HDL Analysis                               *
=========================================================================
Analyzing Entity <cont_09> in library <work> (Architecture <arq_cont_09>).
Entity <cont_09> analyzed. Unit <cont_09> generated.

Analyzing Entity <latch_d> in library <work> (Architecture <arq_latch_d>).
WARNING:Xst:819 - "C:/Xilinx/14.7/Contador/latch_d.vhd" line 24: One or more signals are missing in the process sensitivity list. To enable synthesis of FPGA/CPLD hardware, XST will assume that all necessary signals are present in the sensitivity list. Please note that the result of the synthesis may differ from the initial design specification. The missing signals are:
   <count>
Entity <latch_d> analyzed. Unit <latch_d> generated.


=========================================================================
*                           HDL Synthesis                               *
=========================================================================

Performing bidirectional port resolution...

Synthesizing Unit <latch_d>.
    Related source file is "C:/Xilinx/14.7/Contador/latch_d.vhd".
    Found 25-bit register for signal <count>.
    Found 25-bit adder for signal <count$addsub0000> created at line 35.
    Found 25-bit comparator greatequal for signal <count$cmp_ge0000> created at line 32.
    Found 1-bit register for signal <So>.
    Summary:
	inferred  26 D-type flip-flop(s).
	inferred   1 Adder/Subtractor(s).
	inferred   1 Comparator(s).
Unit <latch_d> synthesized.


Synthesizing Unit <cont_09>.
    Related source file is "C:/Xilinx/14.7/Contador/cont_09.vhd".
    Found 1-bit xor2 for signal <D_aux_2$xor0000> created at line 34.
Unit <cont_09> synthesized.


=========================================================================
HDL Synthesis Report

Macro Statistics
# Adders/Subtractors                                   : 4
 25-bit adder                                          : 4
# Registers                                            : 8
 1-bit register                                        : 4
 25-bit register                                       : 4
# Comparators                                          : 4
 25-bit comparator greatequal                          : 4
# Xors                                                 : 1
 1-bit xor2                                            : 1

=========================================================================

=========================================================================
*                       Advanced HDL Synthesis                          *
=========================================================================


=========================================================================
Advanced HDL Synthesis Report

Macro Statistics
# Adders/Subtractors                                   : 4
 25-bit adder                                          : 4
# Registers                                            : 104
 Flip-Flops                                            : 104
# Comparators                                          : 4
 25-bit comparator greatequal                          : 4
# Xors                                                 : 1
 1-bit xor2                                            : 1

=========================================================================

=========================================================================
*                         Low Level Synthesis                           *
=========================================================================

Optimizing unit <cont_09> ...

Optimizing unit <latch_d> ...

Mapping all equations...
Building and optimizing final netlist ...
Found area constraint ratio of 100 (+ 5) on block cont_09, actual ratio is 3.

Final Macro Processing ...

=========================================================================
Final Register Report

Macro Statistics
# Registers                                            : 104
 Flip-Flops                                            : 104

=========================================================================

=========================================================================
*                           Partition Report                            *
=========================================================================

Partition Implementation Status
-------------------------------

  No Partitions were found in this design.

-------------------------------

=========================================================================
*                            Final Report                               *
=========================================================================
Final Results
RTL Top Level Output File Name     : cont_09.ngr
Top Level Output File Name         : cont_09
Output Format                      : NGC
Optimization Goal                  : Speed
Keep Hierarchy                     : No

Design Statistics
# IOs                              : 8

Cell Usage :
# BELS                             : 550
#      GND                         : 1
#      INV                         : 17
#      LUT1                        : 112
#      LUT2                        : 4
#      LUT3                        : 106
#      LUT4                        : 57
#      LUT4_D                      : 4
#      LUT4_L                      : 12
#      MUXCY                       : 136
#      VCC                         : 1
#      XORCY                       : 100
# FlipFlops/Latches                : 104
#      FDCE                        : 100
#      FDRE                        : 4
# Clock Buffers                    : 1
#      BUFGP                       : 1
# IO Buffers                       : 7
#      IBUF                        : 3
#      OBUF                        : 4
=========================================================================

Device utilization summary:
---------------------------

Selected Device : 3s500efg320-4 

 Number of Slices:                      168  out of   4656     3%  
 Number of Slice Flip Flops:            104  out of   9312     1%  
 Number of 4 input LUTs:                312  out of   9312     3%  
 Number of IOs:                           8
 Number of bonded IOBs:                   8  out of    232     3%  
 Number of GCLKs:                         1  out of     24     4%  

---------------------------
Partition Resource Summary:
---------------------------

  No Partitions were found in this design.

---------------------------


=========================================================================
TIMING REPORT

NOTE: THESE TIMING NUMBERS ARE ONLY A SYNTHESIS ESTIMATE.
      FOR ACCURATE TIMING INFORMATION PLEASE REFER TO THE TRACE REPORT
      GENERATED AFTER PLACE-and-ROUTE.

Clock Information:
------------------
-----------------------------------+------------------------+-------+
Clock Signal                       | Clock buffer(FF name)  | Load  |
-----------------------------------+------------------------+-------+
clk                                | BUFGP                  | 104   |
-----------------------------------+------------------------+-------+

Asynchronous Control Signals Information:
----------------------------------------
------------------------------------------------------------------+----------------------------+-------+
Control Signal                                                    | Buffer(FF name)            | Load  |
------------------------------------------------------------------+----------------------------+-------+
Inst_latch_D0/count_cmp_eq0001(Inst_latch_D0/count_cmp_eq000125:O)| NONE(Inst_latch_D0/count_0)| 25    |
Inst_latch_D1/count_cmp_eq0001(Inst_latch_D1/count_cmp_eq000125:O)| NONE(Inst_latch_D1/count_0)| 25    |
Inst_latch_D2/count_cmp_eq0001(Inst_latch_D2/count_cmp_eq000125:O)| NONE(Inst_latch_D2/count_0)| 25    |
Inst_latch_D3/count_cmp_eq0001(Inst_latch_D3/count_cmp_eq000125:O)| NONE(Inst_latch_D3/count_0)| 25    |
------------------------------------------------------------------+----------------------------+-------+

Timing Summary:
---------------
Speed Grade: -4

   Minimum period: 7.629ns (Maximum Frequency: 131.079MHz)
   Minimum input arrival time before clock: 5.828ns
   Maximum output required time after clock: 4.496ns
   Maximum combinational path delay: No path found

Timing Detail:
--------------
All values displayed in nanoseconds (ns)

=========================================================================
Timing constraint: Default period analysis for Clock 'clk'
  Clock period: 7.629ns (frequency: 131.079MHz)
  Total number of paths / destination ports: 8311 / 208
-------------------------------------------------------------------------
Delay:               7.629ns (Levels of Logic = 13)
  Source:            Inst_latch_D0/count_6 (FF)
  Destination:       Inst_latch_D0/count_24 (FF)
  Source Clock:      clk rising
  Destination Clock: clk rising

  Data Path: Inst_latch_D0/count_6 to Inst_latch_D0/count_24
                                Gate     Net
    Cell:in->out      fanout   Delay   Delay  Logical Name (Net Name)
    ----------------------------------------  ------------
     FDCE:C->Q             4   0.591   0.762  Inst_latch_D0/count_6 (Inst_latch_D0/count_6)
     LUT1:I0->O            1   0.704   0.000  Inst_latch_D0/Mcompar_count_cmp_ge0000_cy<0>_rt (Inst_latch_D0/Mcompar_count_cmp_ge0000_cy<0>_rt)
     MUXCY:S->O            1   0.464   0.000  Inst_latch_D0/Mcompar_count_cmp_ge0000_cy<0> (Inst_latch_D0/Mcompar_count_cmp_ge0000_cy<0>)
     MUXCY:CI->O           1   0.059   0.000  Inst_latch_D0/Mcompar_count_cmp_ge0000_cy<1> (Inst_latch_D0/Mcompar_count_cmp_ge0000_cy<1>)
     MUXCY:CI->O           1   0.059   0.000  Inst_latch_D0/Mcompar_count_cmp_ge0000_cy<2> (Inst_latch_D0/Mcompar_count_cmp_ge0000_cy<2>)
     MUXCY:CI->O           1   0.059   0.000  Inst_latch_D0/Mcompar_count_cmp_ge0000_cy<3> (Inst_latch_D0/Mcompar_count_cmp_ge0000_cy<3>)
     MUXCY:CI->O           1   0.059   0.000  Inst_latch_D0/Mcompar_count_cmp_ge0000_cy<4> (Inst_latch_D0/Mcompar_count_cmp_ge0000_cy<4>)
     MUXCY:CI->O           1   0.059   0.000  Inst_latch_D0/Mcompar_count_cmp_ge0000_cy<5> (Inst_latch_D0/Mcompar_count_cmp_ge0000_cy<5>)
     MUXCY:CI->O           1   0.059   0.000  Inst_latch_D0/Mcompar_count_cmp_ge0000_cy<6> (Inst_latch_D0/Mcompar_count_cmp_ge0000_cy<6>)
     MUXCY:CI->O           1   0.059   0.000  Inst_latch_D0/Mcompar_count_cmp_ge0000_cy<7> (Inst_latch_D0/Mcompar_count_cmp_ge0000_cy<7>)
     MUXCY:CI->O           1   0.059   0.000  Inst_latch_D0/Mcompar_count_cmp_ge0000_cy<8> (Inst_latch_D0/Mcompar_count_cmp_ge0000_cy<8>)
     MUXCY:CI->O           1   0.459   0.499  Inst_latch_D0/Mcompar_count_cmp_ge0000_cy<9> (Inst_latch_D0/count_cmp_ge0000)
     LUT2:I1->O            1   0.704   0.455  Inst_latch_D0/count_not0002_SW0 (N7)
     LUT4:I2->O           25   0.704   1.260  Inst_latch_D0/count_not0002 (Inst_latch_D0/count_not0002)
     FDCE:CE                   0.555          Inst_latch_D0/count_0
    ----------------------------------------
    Total                      7.629ns (4.653ns logic, 2.976ns route)
                                       (61.0% logic, 39.0% route)

=========================================================================
Timing constraint: Default OFFSET IN BEFORE for Clock 'clk'
  Total number of paths / destination ports: 412 / 208
-------------------------------------------------------------------------
Offset:              5.828ns (Levels of Logic = 3)
  Source:            clk_out (PAD)
  Destination:       Inst_latch_D0/count_24 (FF)
  Destination Clock: clk rising

  Data Path: clk_out to Inst_latch_D0/count_24
                                Gate     Net
    Cell:in->out      fanout   Delay   Delay  Logical Name (Net Name)
    ----------------------------------------  ------------
     IBUF:I->O             8   1.218   0.932  clk_out_IBUF (clk_out_IBUF)
     LUT2:I0->O            1   0.704   0.455  Inst_latch_D3/count_not0002_SW0 (N11)
     LUT4:I2->O           25   0.704   1.260  Inst_latch_D3/count_not0002 (Inst_latch_D3/count_not0002)
     FDCE:CE                   0.555          Inst_latch_D3/count_0
    ----------------------------------------
    Total                      5.828ns (3.181ns logic, 2.647ns route)
                                       (54.6% logic, 45.4% route)

=========================================================================
Timing constraint: Default OFFSET OUT AFTER for Clock 'clk'
  Total number of paths / destination ports: 4 / 4
-------------------------------------------------------------------------
Offset:              4.496ns (Levels of Logic = 1)
  Source:            Inst_latch_D0/So (FF)
  Destination:       Q<0> (PAD)
  Source Clock:      clk rising

  Data Path: Inst_latch_D0/So to Q<0>
                                Gate     Net
    Cell:in->out      fanout   Delay   Delay  Logical Name (Net Name)
    ----------------------------------------  ------------
     FDRE:C->Q             5   0.591   0.633  Inst_latch_D0/So (Inst_latch_D0/So)
     OBUF:I->O                 3.272          Q_0_OBUF (Q<0>)
    ----------------------------------------
    Total                      4.496ns (3.863ns logic, 0.633ns route)
                                       (85.9% logic, 14.1% route)

=========================================================================


Total REAL time to Xst completion: 18.00 secs
Total CPU time to Xst completion: 18.01 secs
 
--> 

Total memory usage is 237512 kilobytes

Number of errors   :    0 (   0 filtered)
Number of warnings :    1 (   0 filtered)
Number of infos    :    0 (   0 filtered)

