--------------------------------------------------------------------------------
Release 14.7 Trace  (nt64)
Copyright (c) 1995-2013 Xilinx, Inc.  All rights reserved.

C:\Xilinx\14.7\ISE_DS\ISE\bin\nt64\unwrapped\trce.exe -intstyle ise -v 3 -s 4
-n 3 -fastpaths -xml Master.twx Master.ncd -o Master.twr Master.pcf -ucf
Master.ucf

Design file:              Master.ncd
Physical constraint file: Master.pcf
Device,package,speed:     xc3s100e,cp132,-4 (PRODUCTION 1.27 2013-10-13)
Report level:             verbose report

Environment Variable      Effect 
--------------------      ------ 
NONE                      No environment variables were set
--------------------------------------------------------------------------------

INFO:Timing:2698 - No timing constraints found, doing default enumeration.
INFO:Timing:3412 - To improve timing, see the Timing Closure User Guide (UG612).
INFO:Timing:2752 - To get complete path coverage, use the unconstrained paths 
   option. All paths that are not constrained will be reported in the 
   unconstrained paths section(s) of the report.
INFO:Timing:3339 - The clock-to-out numbers in this timing report are based on 
   a 50 Ohm transmission line loading model.  For the details of this model, 
   and for more information on accounting for different loading conditions, 
   please see the device datasheet.
INFO:Timing:3390 - This architecture does not support a default System Jitter 
   value, please add SYSTEM_JITTER constraint to the UCF to modify the Clock 
   Uncertainty calculation.
INFO:Timing:3389 - This architecture does not support 'Discrete Jitter' and 
   'Phase Error' calculations, these terms will be zero in the Clock 
   Uncertainty calculation.  Please make appropriate modification to 
   SYSTEM_JITTER to account for the unsupported Discrete Jitter and Phase 
   Error.



Data Sheet report:
-----------------
All values displayed in nanoseconds (ns)

Setup/Hold to clock CLK
------------+------------+------------+------------------+--------+
            |Max Setup to|Max Hold to |                  | Clock  |
Source      | clk (edge) | clk (edge) |Internal Clock(s) | Phase  |
------------+------------+------------+------------------+--------+
PB          |    2.850(R)|    0.350(R)|CLK_BUFGP         |   0.000|
RESET       |    4.723(R)|    0.443(R)|CLK_BUFGP         |   0.000|
------------+------------+------------+------------------+--------+

Clock CLK to Pad
------------+------------+------------------+--------+
            | clk (edge) |                  | Clock  |
Destination |   to PAD   |Internal Clock(s) | Phase  |
------------+------------+------------------+--------+
AN<0>       |    7.395(R)|CLK_BUFGP         |   0.000|
AN<1>       |    7.684(R)|CLK_BUFGP         |   0.000|
AN<2>       |    7.417(R)|CLK_BUFGP         |   0.000|
AN<3>       |    7.617(R)|CLK_BUFGP         |   0.000|
siete_seg<1>|   10.289(R)|CLK_BUFGP         |   0.000|
siete_seg<2>|   11.171(R)|CLK_BUFGP         |   0.000|
siete_seg<3>|   11.093(R)|CLK_BUFGP         |   0.000|
siete_seg<4>|   11.717(R)|CLK_BUFGP         |   0.000|
siete_seg<5>|   11.357(R)|CLK_BUFGP         |   0.000|
siete_seg<6>|   11.315(R)|CLK_BUFGP         |   0.000|
siete_seg<7>|   11.426(R)|CLK_BUFGP         |   0.000|
------------+------------+------------------+--------+

Clock to Setup on destination clock CLK
---------------+---------+---------+---------+---------+
               | Src:Rise| Src:Fall| Src:Rise| Src:Fall|
Source Clock   |Dest:Rise|Dest:Rise|Dest:Fall|Dest:Fall|
---------------+---------+---------+---------+---------+
CLK            |    7.694|         |         |         |
---------------+---------+---------+---------+---------+


Analysis completed Fri May 22 08:51:13 2015 
--------------------------------------------------------------------------------

Trace Settings:
-------------------------
Trace Settings 

Peak Memory Usage: 159 MB



