Release 14.7 - xst P.20131013 (lin64)
Copyright (c) 1995-2013 Xilinx, Inc.  All rights reserved.
--> 
Parameter TMPDIR set to xst/projnav.tmp


Total REAL time to Xst completion: 1.00 secs
Total CPU time to Xst completion: 0.11 secs
 
--> 
Parameter xsthdpdir set to xst


Total REAL time to Xst completion: 1.00 secs
Total CPU time to Xst completion: 0.11 secs
 
--> 
Reading design: ptd.prj

TABLE OF CONTENTS
  1) Synthesis Options Summary
  2) HDL Compilation
  3) Design Hierarchy Analysis
  4) HDL Analysis
  5) HDL Synthesis
     5.1) HDL Synthesis Report
  6) Advanced HDL Synthesis
     6.1) Advanced HDL Synthesis Report
  7) Low Level Synthesis
  8) Partition Report
  9) Final Report
	9.1) Device utilization summary
	9.2) Partition Resource Summary
	9.3) TIMING REPORT


=========================================================================
*                      Synthesis Options Summary                        *
=========================================================================
---- Source Parameters
Input File Name                    : "ptd.prj"
Input Format                       : mixed
Ignore Synthesis Constraint File   : NO

---- Target Parameters
Output File Name                   : "ptd"
Output Format                      : NGC
Target Device                      : xc3s500e-4-fg320

---- Source Options
Top Module Name                    : ptd
Automatic FSM Extraction           : YES
FSM Encoding Algorithm             : Auto
Safe Implementation                : No
FSM Style                          : LUT
RAM Extraction                     : Yes
RAM Style                          : Auto
ROM Extraction                     : Yes
Mux Style                          : Auto
Decoder Extraction                 : YES
Priority Encoder Extraction        : Yes
Shift Register Extraction          : YES
Logical Shifter Extraction         : YES
XOR Collapsing                     : YES
ROM Style                          : Auto
Mux Extraction                     : Yes
Resource Sharing                   : YES
Asynchronous To Synchronous        : NO
Multiplier Style                   : Auto
Automatic Register Balancing       : No

---- Target Options
Add IO Buffers                     : YES
Global Maximum Fanout              : 100000
Add Generic Clock Buffer(BUFG)     : 24
Register Duplication               : YES
Slice Packing                      : YES
Optimize Instantiated Primitives   : NO
Use Clock Enable                   : Yes
Use Synchronous Set                : Yes
Use Synchronous Reset              : Yes
Pack IO Registers into IOBs        : Auto
Equivalent register Removal        : YES

---- General Options
Optimization Goal                  : Speed
Optimization Effort                : 1
Keep Hierarchy                     : No
Netlist Hierarchy                  : As_Optimized
RTL Output                         : Yes
Global Optimization                : AllClockNets
Read Cores                         : YES
Write Timing Constraints           : NO
Cross Clock Analysis               : NO
Hierarchy Separator                : /
Bus Delimiter                      : <>
Case Specifier                     : Maintain
Slice Utilization Ratio            : 100
BRAM Utilization Ratio             : 100
Verilog 2001                       : YES
Auto BRAM Packing                  : NO
Slice Utilization Ratio Delta      : 5

=========================================================================


=========================================================================
*                          HDL Compilation                              *
=========================================================================
Compiling vhdl file "/opt/Xilinx/14.7/Contador/ptd.vhd" in Library work.
Architecture arq_ptd of Entity ptd is up to date.

=========================================================================
*                     Design Hierarchy Analysis                         *
=========================================================================
Analyzing hierarchy for entity <ptd> in library <work> (architecture <arq_ptd>).


=========================================================================
*                            HDL Analysis                               *
=========================================================================
Analyzing Entity <ptd> in library <work> (Architecture <arq_ptd>).
Entity <ptd> analyzed. Unit <ptd> generated.


=========================================================================
*                           HDL Synthesis                               *
=========================================================================

Performing bidirectional port resolution...

Synthesizing Unit <ptd>.
    Related source file is "/opt/Xilinx/14.7/Contador/ptd.vhd".
    Found 1-bit register for signal <En_ptd>.
    Found 6-bit register for signal <count>.
    Found 6-bit adder for signal <count$addsub0000>.
    Found 6-bit comparator greatequal for signal <En_ptd$cmp_ge0000> created at line 23.
    Found 6-bit comparator greater for signal <En_ptd$cmp_gt0000> created at line 28.
    Found 6-bit comparator lessequal for signal <En_ptd$cmp_le0000> created at line 28.
    Found 6-bit comparator less for signal <En_ptd$cmp_lt0000> created at line 23.
    Summary:
	inferred   7 D-type flip-flop(s).
	inferred   1 Adder/Subtractor(s).
	inferred   4 Comparator(s).
Unit <ptd> synthesized.

INFO:Xst:1767 - HDL ADVISOR - Resource sharing has identified that some arithmetic operations in this design can share the same physical resources for reduced device utilization. For improved clock frequency you may try to disable resource sharing.

=========================================================================
HDL Synthesis Report

Macro Statistics
# Adders/Subtractors                                   : 1
 6-bit adder                                           : 1
# Registers                                            : 2
 1-bit register                                        : 1
 6-bit register                                        : 1
# Comparators                                          : 4
 6-bit comparator greatequal                           : 1
 6-bit comparator greater                              : 1
 6-bit comparator less                                 : 1
 6-bit comparator lessequal                            : 1

=========================================================================

=========================================================================
*                       Advanced HDL Synthesis                          *
=========================================================================


=========================================================================
Advanced HDL Synthesis Report

Macro Statistics
# Adders/Subtractors                                   : 1
 6-bit adder                                           : 1
# Registers                                            : 7
 Flip-Flops                                            : 7
# Comparators                                          : 4
 6-bit comparator greatequal                           : 1
 6-bit comparator greater                              : 1
 6-bit comparator less                                 : 1
 6-bit comparator lessequal                            : 1

=========================================================================

=========================================================================
*                         Low Level Synthesis                           *
=========================================================================

Optimizing unit <ptd> ...

Mapping all equations...
Building and optimizing final netlist ...
Found area constraint ratio of 100 (+ 5) on block ptd, actual ratio is 0.

Final Macro Processing ...

=========================================================================
Final Register Report

Macro Statistics
# Registers                                            : 7
 Flip-Flops                                            : 7

=========================================================================

=========================================================================
*                           Partition Report                            *
=========================================================================

Partition Implementation Status
-------------------------------

  No Partitions were found in this design.

-------------------------------

=========================================================================
*                            Final Report                               *
=========================================================================
Final Results
RTL Top Level Output File Name     : ptd.ngr
Top Level Output File Name         : ptd
Output Format                      : NGC
Optimization Goal                  : Speed
Keep Hierarchy                     : No

Design Statistics
# IOs                              : 3

Cell Usage :
# BELS                             : 18
#      LUT2_L                      : 2
#      LUT3                        : 2
#      LUT3_D                      : 2
#      LUT3_L                      : 1
#      LUT4                        : 9
#      LUT4_D                      : 1
#      LUT4_L                      : 1
# FlipFlops/Latches                : 7
#      FDE                         : 7
# Clock Buffers                    : 1
#      BUFGP                       : 1
# IO Buffers                       : 2
#      IBUF                        : 1
#      OBUF                        : 1
=========================================================================

Device utilization summary:
---------------------------

Selected Device : 3s500efg320-4 

 Number of Slices:                        9  out of   4656     0%  
 Number of Slice Flip Flops:              7  out of   9312     0%  
 Number of 4 input LUTs:                 18  out of   9312     0%  
 Number of IOs:                           3
 Number of bonded IOBs:                   3  out of    232     1%  
 Number of GCLKs:                         1  out of     24     4%  

---------------------------
Partition Resource Summary:
---------------------------

  No Partitions were found in this design.

---------------------------


=========================================================================
TIMING REPORT

NOTE: THESE TIMING NUMBERS ARE ONLY A SYNTHESIS ESTIMATE.
      FOR ACCURATE TIMING INFORMATION PLEASE REFER TO THE TRACE REPORT
      GENERATED AFTER PLACE-and-ROUTE.

Clock Information:
------------------
-----------------------------------+------------------------+-------+
Clock Signal                       | Clock buffer(FF name)  | Load  |
-----------------------------------+------------------------+-------+
clk_ptd                            | BUFGP                  | 7     |
-----------------------------------+------------------------+-------+

Asynchronous Control Signals Information:
----------------------------------------
No asynchronous control signals found in this design

Timing Summary:
---------------
Speed Grade: -4

   Minimum period: 5.338ns (Maximum Frequency: 187.336MHz)
   Minimum input arrival time before clock: 4.971ns
   Maximum output required time after clock: 4.283ns
   Maximum combinational path delay: No path found

Timing Detail:
--------------
All values displayed in nanoseconds (ns)

=========================================================================
Timing constraint: Default period analysis for Clock 'clk_ptd'
  Clock period: 5.338ns (frequency: 187.336MHz)
  Total number of paths / destination ports: 138 / 14
-------------------------------------------------------------------------
Delay:               5.338ns (Levels of Logic = 3)
  Source:            count_1 (FF)
  Destination:       count_0 (FF)
  Source Clock:      clk_ptd rising
  Destination Clock: clk_ptd rising

  Data Path: count_1 to count_0
                                Gate     Net
    Cell:in->out      fanout   Delay   Delay  Logical Name (Net Name)
    ----------------------------------------  ------------
     FDE:C->Q              7   0.591   0.883  count_1 (count_1)
     LUT4_L:I0->LO         1   0.704   0.104  En_ptd_and0001_SW0 (N2)
     LUT4:I3->O            1   0.704   0.424  count_not00021_SW0 (N8)
     LUT4:I3->O            6   0.704   0.669  count_not00021 (count_not0002)
     FDE:CE                    0.555          count_0
    ----------------------------------------
    Total                      5.338ns (3.258ns logic, 2.080ns route)
                                       (61.0% logic, 39.0% route)

=========================================================================
Timing constraint: Default OFFSET IN BEFORE for Clock 'clk_ptd'
  Total number of paths / destination ports: 7 / 7
-------------------------------------------------------------------------
Offset:              4.971ns (Levels of Logic = 3)
  Source:            PB (PAD)
  Destination:       count_0 (FF)
  Destination Clock: clk_ptd rising

  Data Path: PB to count_0
                                Gate     Net
    Cell:in->out      fanout   Delay   Delay  Logical Name (Net Name)
    ----------------------------------------  ------------
     IBUF:I->O             2   1.218   0.622  PB_IBUF (PB_IBUF)
     LUT3:I0->O            1   0.704   0.499  count_not00021_SW1 (N9)
     LUT4:I1->O            6   0.704   0.669  count_not00021 (count_not0002)
     FDE:CE                    0.555          count_0
    ----------------------------------------
    Total                      4.971ns (3.181ns logic, 1.790ns route)
                                       (64.0% logic, 36.0% route)

=========================================================================
Timing constraint: Default OFFSET OUT AFTER for Clock 'clk_ptd'
  Total number of paths / destination ports: 1 / 1
-------------------------------------------------------------------------
Offset:              4.283ns (Levels of Logic = 1)
  Source:            En_ptd (FF)
  Destination:       En_ptd (PAD)
  Source Clock:      clk_ptd rising

  Data Path: En_ptd to En_ptd
                                Gate     Net
    Cell:in->out      fanout   Delay   Delay  Logical Name (Net Name)
    ----------------------------------------  ------------
     FDE:C->Q              1   0.591   0.420  En_ptd (En_ptd_OBUF)
     OBUF:I->O                 3.272          En_ptd_OBUF (En_ptd)
    ----------------------------------------
    Total                      4.283ns (3.863ns logic, 0.420ns route)
                                       (90.2% logic, 9.8% route)

=========================================================================


Total REAL time to Xst completion: 10.00 secs
Total CPU time to Xst completion: 9.04 secs
 
--> 


Total memory usage is 515568 kilobytes

Number of errors   :    0 (   0 filtered)
Number of warnings :    0 (   0 filtered)
Number of infos    :    1 (   0 filtered)

